
--> Fabric client user & Gateway init: Using Org1 identity to Org1 Peer
EL DIR:  /home/ubuntu/rd-onboarding/api/dist/src/app/utils
Otro:  /home/ubuntu/rd-onboarding/network
Loaded the network configuration located at /home/ubuntu/rd-onboarding/network/test-network/organizations/peerOrganizations/org1.example.com/connection-org1.json
Built a CA Client named ca-org1
Built a file system wallet at /home/ubuntu/rd-onboarding/api/dist/src/app/services/wallet/org1
An identity for the admin user already exists in the wallet
An identity for the user appUser1 already exists in the wallet

--> Fabric client user & Gateway init: Using Org2 identity to Org2 Peer
Loaded the network configuration located at /home/ubuntu/rd-onboarding/network/test-network/organizations/peerOrganizations/org2.example.com/connection-org2.json
Built a CA Client named ca-org2
Built a file system wallet at /home/ubuntu/rd-onboarding/api/dist/src/app/services/wallet/org2
An identity for the admin user already exists in the wallet
An identity for the user appUser2 already exists in the wallet

El servidor esta corriendo en el puerto: 5000

--> Fabric client user & Gateway init: Using Org1 identity to Org1 Peer
EL DIR:  /home/ubuntu/rd-onboarding/api/dist/src/app/utils
Otro:  /home/ubuntu/rd-onboarding/network
Loaded the network configuration located at /home/ubuntu/rd-onboarding/network/test-network/organizations/peerOrganizations/org1.example.com/connection-org1.json
Built a CA Client named ca-org1
Built a file system wallet at /home/ubuntu/rd-onboarding/api/dist/src/app/services/wallet/org1
An identity for the admin user already exists in the wallet
An identity for the user appUser1 already exists in the wallet

--> Fabric client user & Gateway init: Using Org2 identity to Org2 Peer
Loaded the network configuration located at /home/ubuntu/rd-onboarding/network/test-network/organizations/peerOrganizations/org2.example.com/connection-org2.json
Built a CA Client named ca-org2
Built a file system wallet at /home/ubuntu/rd-onboarding/api/dist/src/app/services/wallet/org2
An identity for the admin user already exists in the wallet
An identity for the user appUser2 already exists in the wallet

El servidor esta corriendo en el puerto: 5000

--> Fabric client user & Gateway init: Using Org1 identity to Org1 Peer
EL DIR:  /home/ubuntu/rd-onboarding/api/dist/src/app/utils
Otro:  /home/ubuntu/rd-onboarding/network
Loaded the network configuration located at /home/ubuntu/rd-onboarding/network/test-network/organizations/peerOrganizations/org1.example.com/connection-org1.json
Built a CA Client named ca-org1
Built a file system wallet at /home/ubuntu/rd-onboarding/api/dist/src/app/services/wallet/org1
An identity for the admin user already exists in the wallet
An identity for the user appUser1 already exists in the wallet

--> Fabric client user & Gateway init: Using Org2 identity to Org2 Peer
Loaded the network configuration located at /home/ubuntu/rd-onboarding/network/test-network/organizations/peerOrganizations/org2.example.com/connection-org2.json
Built a CA Client named ca-org2
Built a file system wallet at /home/ubuntu/rd-onboarding/api/dist/src/app/services/wallet/org2
An identity for the admin user already exists in the wallet
An identity for the user appUser2 already exists in the wallet

El servidor esta corriendo en el puerto: 5000
Desconnectado
Desconnectado
Desconnectado
Desconnectado
Desconnectado
Desconnectado
Desconnectado
Desconnectado
Desconnectado
INE:  00000042
Desconnectado
INE:  00000042
Desconnectado
Private INE:  00000042
Desconnectado
INE:  00000042
Desconnectado
Private INE:  00000042
Desconnectado
INE:  00000042
Desconnectado
Private INE:  00000042
Desconnectado
INE:  123456
Desconnectado
INE:  123456
Desconnectado
INE:  00000042
Desconnectado
INE:  00000042
Desconnectado
INE:  00000042
Desconnectado
INE:  00000042
Desconnectado
Private INE:  00000042
Desconnectado
INE:  00000042
Desconnectado
Private INE:  00000042
Desconnectado
INE:  00000042
Desconnectado
Private INE:  00000042
Desconnectado
INE:  00000042
Desconnectado
Private INE:  00000042
Desconnectado
INE:  00000042
Desconnectado
Private INE:  00000042
Desconnectado
INE:  00000042
Desconnectado
Private INE:  00000042
Desconnectado
INE:  00000042
Desconnectado
Private INE:  00000042
Desconnectado
INE:  00000042
Desconnectado
Private INE:  00000042
Desconnectado
INE:  00000042
Desconnectado
Private INE:  00000042
Desconnectado
INE:  00000042
Desconnectado
Private INE:  00000042
Desconnectado
Desconnectado
Desconnectado
Desconnectado
Desconnectado
Desconnectado
Desconnectado
INE:  123456
Desconnectado
INE:  00000042
Desconnectado
Private INE:  00000042
Desconnectado
INE:  123
Desconnectado
INE:  00000042
Desconnectado
INE:  00000042
Desconnectado
INE:  00000042
Desconnectado
INE:  00000042
Desconnectado
INE:  00000042
Desconnectado
--------------------------------> { assetId: 'asset04', org1: 'Org1', org2: 'Org2' }
2020-12-23T00:42:42.080Z - [31merror[39m: [Transaction]: Error: No valid responses from any peers. Errors:
    peer=peer0.org1.example.com:7051, status=500, message=assetID field must be a non-empty string
Err createNewTransaction:  Error: No valid responses from any peers. Errors:
    peer=peer0.org1.example.com:7051, status=500, message=assetID field must be a non-empty string
    at newEndorsementError (/home/ubuntu/rd-onboarding/api/node_modules/fabric-network/lib/transaction.js:51:12)
    at getResponsePayload (/home/ubuntu/rd-onboarding/api/node_modules/fabric-network/lib/transaction.js:17:23)
    at Transaction.submit (/home/ubuntu/rd-onboarding/api/node_modules/fabric-network/lib/transaction.js:214:28)
    at runMicrotasks (<anonymous>)
    at processTicksAndRejections (internal/process/task_queues.js:93:5) {
  responses: [
    {
      version: 0,
      timestamp: null,
      response: [Object],
      payload: <Buffer 0a 20 b6 db 67 2b 9a 9f 8c 9e a0 a8 db de 38 ee cd b0 b5 79 fc 94 67 79 75 b9 b0 57 10 65 33 bf a2 1d 12 7b 0a 3a 12 38 0a 0a 5f 6c 69 66 65 63 79 63 ... 109 more bytes>,
      endorsement: null,
      connection: [Object],
      peer: 'peer0.org1.example.com:7051'
    }
  ],
  errors: []
}
Desconnectado
app routing error Error: No valid responses from any peers. Errors:
    peer=peer0.org1.example.com:7051, status=500, message=assetID field must be a non-empty string
    at newEndorsementError (/home/ubuntu/rd-onboarding/api/node_modules/fabric-network/lib/transaction.js:51:12)
    at getResponsePayload (/home/ubuntu/rd-onboarding/api/node_modules/fabric-network/lib/transaction.js:17:23)
    at Transaction.submit (/home/ubuntu/rd-onboarding/api/node_modules/fabric-network/lib/transaction.js:214:28)
    at runMicrotasks (<anonymous>)
    at processTicksAndRejections (internal/process/task_queues.js:93:5) {
  responses: [
    {
      version: 0,
      timestamp: null,
      response: [Object],
      payload: <Buffer 0a 20 b6 db 67 2b 9a 9f 8c 9e a0 a8 db de 38 ee cd b0 b5 79 fc 94 67 79 75 b9 b0 57 10 65 33 bf a2 1d 12 7b 0a 3a 12 38 0a 0a 5f 6c 69 66 65 63 79 63 ... 109 more bytes>,
      endorsement: null,
      connection: [Object],
      peer: 'peer0.org1.example.com:7051'
    }
  ],
  errors: []
}
[33m[nodemon] 2.0.6[39m
[33m[nodemon] to restart at any time, enter `rs`[39m
[33m[nodemon] watching path(s): *.*[39m
[33m[nodemon] watching extensions: js,mjs,json[39m
[32m[nodemon] starting `node dist/index.js`[39m
events.js:292
      throw er; // Unhandled 'error' event
      ^

Error: EBADF: bad file descriptor, read
Emitted 'error' event on ReadStream instance at:
    at internal/fs/streams.js:202:14
    at FSReqCallback.wrapper [as oncomplete] (fs.js:539:5) {
  errno: -9,
  code: 'EBADF',
  syscall: 'read'
}
[33m[nodemon] 2.0.6[39m
[33m[nodemon] to restart at any time, enter `rs`[39m
[33m[nodemon] watching path(s): *.*[39m
[33m[nodemon] watching extensions: js,mjs,json[39m
[32m[nodemon] starting `node dist/index.js`[39m
events.js:292
      throw er; // Unhandled 'error' event
      ^

Error: EBADF: bad file descriptor, read
Emitted 'error' event on ReadStream instance at:
    at internal/fs/streams.js:202:14
    at FSReqCallback.wrapper [as oncomplete] (fs.js:539:5) {
  errno: -9,
  code: 'EBADF',
  syscall: 'read'
}
[33m[nodemon] 2.0.6[39m
[33m[nodemon] to restart at any time, enter `rs`[39m
[33m[nodemon] watching path(s): *.*[39m
[33m[nodemon] watching extensions: js,mjs,json[39m
[32m[nodemon] starting `node dist/index.js`[39m
events.js:292
      throw er; // Unhandled 'error' event
      ^

Error: EBADF: bad file descriptor, read
Emitted 'error' event on ReadStream instance at:
    at internal/fs/streams.js:202:14
    at FSReqCallback.wrapper [as oncomplete] (fs.js:539:5) {
  errno: -9,
  code: 'EBADF',
  syscall: 'read'
}
[33m[nodemon] 2.0.6[39m
[33m[nodemon] to restart at any time, enter `rs`[39m
[33m[nodemon] watching path(s): *.*[39m
[33m[nodemon] watching extensions: js,mjs,json[39m
[32m[nodemon] starting `node dist/index.js`[39m
events.js:292
      throw er; // Unhandled 'error' event
      ^

Error: EBADF: bad file descriptor, read
Emitted 'error' event on ReadStream instance at:
    at internal/fs/streams.js:202:14
    at FSReqCallback.wrapper [as oncomplete] (fs.js:539:5) {
  errno: -9,
  code: 'EBADF',
  syscall: 'read'
}
[33m[nodemon] 2.0.6[39m
[33m[nodemon] to restart at any time, enter `rs`[39m
[33m[nodemon] watching path(s): *.*[39m
[33m[nodemon] watching extensions: js,mjs,json[39m
[32m[nodemon] starting `node dist/index.js`[39m
events.js:292
      throw er; // Unhandled 'error' event
      ^

Error: EBADF: bad file descriptor, read
Emitted 'error' event on ReadStream instance at:
    at internal/fs/streams.js:202:14
    at FSReqCallback.wrapper [as oncomplete] (fs.js:539:5) {
  errno: -9,
  code: 'EBADF',
  syscall: 'read'
}
[33m[nodemon] 2.0.6[39m
[33m[nodemon] to restart at any time, enter `rs`[39m
[33m[nodemon] watching path(s): *.*[39m
[33m[nodemon] watching extensions: js,mjs,json[39m
--------------
node: v14.15.2
nodemon: 2.0.6
command: /usr/bin/node /usr/bin/nodemon --dump dist/index.js
cwd: /home/ubuntu/rd-onboarding/api
OS: linux x64
--------------
{
  run: false,
  system: { cwd: '/home/ubuntu/rd-onboarding/api' },
  required: false,
  dirs: [ '/home/ubuntu/rd-onboarding/api' ],
  timeout: 1000,
  options: {
    dump: true,
    ignore: [
      '**/.git/**',
      '**/.nyc_output/**',
      '**/.sass-cache/**',
      '**/bower_components/**',
      '**/coverage/**',
      '**/node_modules/**',
      re: /.*.*\/\.git\/.*.*|.*.*\/\.nyc_output\/.*.*|.*.*\/\.sass\-cache\/.*.*|.*.*\/bower_components\/.*.*|.*.*\/coverage\/.*.*|.*.*\/node_modules\/.*.*/
    ],
    watch: [ '*.*', re: /.*\..*/ ],
    monitor: [
      '*.*',
      '!**/.git/**',
      '!**/.nyc_output/**',
      '!**/.sass-cache/**',
      '!**/bower_components/**',
      '!**/coverage/**',
      '!**/node_modules/**'
    ],
    ignoreRoot: [
      '**/.git/**',
      '**/.nyc_output/**',
      '**/.sass-cache/**',
      '**/bower_components/**',
      '**/coverage/**',
      '**/node_modules/**'
    ],
    restartable: 'rs',
    colours: true,
    execMap: { py: 'python', rb: 'ruby', ts: 'ts-node' },
    stdin: true,
    runOnChangeOnly: false,
    verbose: false,
    signal: 'SIGUSR2',
    stdout: true,
    watchOptions: {},
    execOptions: {
      script: 'dist/index.js',
      exec: 'node',
      args: [],
      scriptPosition: 0,
      nodeArgs: undefined,
      execArgs: [],
      ext: 'js,mjs,json',
      env: {}
    }
  },
  load: [Function (anonymous)],
  reset: [Function: reset],
  lastStarted: 0,
  loaded: [],
  watchInterval: null,
  signal: 'SIGUSR2',
  command: {
    raw: { executable: 'node', args: [ 'dist/index.js' ] },
    string: 'node dist/index.js'
  }
}
--------------

--> Fabric client user & Gateway init: Using Org1 identity to Org1 Peer
EL DIR:  /home/ubuntu/rd-onboarding/api/dist/src/app/utils
Otro:  /home/ubuntu/rd-onboarding/network
Loaded the network configuration located at /home/ubuntu/rd-onboarding/network/test-network/organizations/peerOrganizations/org1.example.com/connection-org1.json
Built a CA Client named ca-org1
Built a file system wallet at /home/ubuntu/rd-onboarding/api/dist/src/app/services/wallet/org1
An identity for the admin user already exists in the wallet
An identity for the user appUser1 already exists in the wallet

--> Fabric client user & Gateway init: Using Org2 identity to Org2 Peer
Loaded the network configuration located at /home/ubuntu/rd-onboarding/network/test-network/organizations/peerOrganizations/org2.example.com/connection-org2.json
Built a CA Client named ca-org2
Built a file system wallet at /home/ubuntu/rd-onboarding/api/dist/src/app/services/wallet/org2
An identity for the admin user already exists in the wallet
An identity for the user appUser2 already exists in the wallet

El servidor esta corriendo en el puerto: 5000
INE:  123456
Desconnectado

--> Fabric client user & Gateway init: Using Org1 identity to Org1 Peer
EL DIR:  /home/ubuntu/rd-onboarding/api/dist/src/app/utils
Otro:  /home/ubuntu/rd-onboarding/network
Loaded the network configuration located at /home/ubuntu/rd-onboarding/network/test-network/organizations/peerOrganizations/org1.example.com/connection-org1.json
Built a CA Client named ca-org1
Built a file system wallet at /home/ubuntu/rd-onboarding/api/dist/src/app/services/wallet/org1
An identity for the admin user already exists in the wallet
An identity for the user appUser1 already exists in the wallet

--> Fabric client user & Gateway init: Using Org2 identity to Org2 Peer
Loaded the network configuration located at /home/ubuntu/rd-onboarding/network/test-network/organizations/peerOrganizations/org2.example.com/connection-org2.json
Built a CA Client named ca-org2
Built a file system wallet at /home/ubuntu/rd-onboarding/api/dist/src/app/services/wallet/org2
An identity for the admin user already exists in the wallet
An identity for the user appUser2 already exists in the wallet

El servidor esta corriendo en el puerto: 5000
INE:  123456
Desconnectado
